<?xml version="1.0" encoding="windows-1252" standalone="no"?>
<!DOCTYPE log SYSTEM "logger.dtd">
<log>
<record>
  <date>2024-03-29T06:28:37.563056100Z</date>
  <millis>1711693717563</millis>
  <nanos>56100</nanos>
  <sequence>0</sequence>
  <logger>com.example.dadosmeteorologicos.App</logger>
  <level>INFO</level>
  <class>com.example.dadosmeteorologicos.App</class>
  <method>start</method>
  <thread>17</thread>
  <message>Banco de dados inicializado</message>
</record>
<record>
  <date>2024-03-29T06:28:39.037582600Z</date>
  <millis>1711693719037</millis>
  <nanos>582600</nanos>
  <sequence>3</sequence>
  <logger>com.example.dadosmeteorologicos.App</logger>
  <level>INFO</level>
  <class>com.example.dadosmeteorologicos.App</class>
  <method>start</method>
  <thread>17</thread>
  <message>Aplicativo iniciado</message>
</record>
</log>
